<?xml version="1.0" encoding="UTF-8" standalone="no"?>
<!DOCTYPE log SYSTEM "logger.dtd">
<log>
<record>
  <date>2014-04-09T17:11:39</date>
  <millis>1397038299813</millis>
  <sequence>0</sequence>
  <logger>Tests</logger>
  <level>WARNING</level>
  <class>Tests</class>
  <method>main</method>
  <thread>1</thread>
  <message>WARNING!</message>
  <exception>
    <message>java.lang.ArithmeticException</message>
    <frame>
      <class>Tests</class>
      <method>main</method>
      <line>30</line>
    </frame>
  </exception>
</record>
<record>
  <date>2014-04-09T17:11:39</date>
  <millis>1397038299837</millis>
  <sequence>1</sequence>
  <logger>Tests</logger>
  <level>SEVERE</level>
  <class>Tests</class>
  <method>main</method>
  <thread>1</thread>
  <message>FATAL ERROR!</message>
</record>
<record>
  <date>2014-04-09T17:11:39</date>
  <millis>1397038299837</millis>
  <sequence>2</sequence>
  <logger>Tests</logger>
  <level>INFO</level>
  <class>Tests</class>
  <method>main</method>
  <thread>1</thread>
  <message>INFO LEVEL!</message>
</record>
</log>
